{"C:\\Users\\Arthur.vanAarsse_nsp\\Documents\\Kata_Bingo\\src\\template.js": {"path":"C:\\Users\\Arthur.vanAarsse_nsp\\Documents\\Kata_Bingo\\src\\template.js","statementMap":{"0":{"start":{"line":2,"column":4},"end":{"line":2,"column":44}},"1":{"start":{"line":5,"column":18},"end":{"line":5,"column":20}},"2":{"start":{"line":6,"column":4},"end":{"line":8,"column":5}},"3":{"start":{"line":7,"column":8},"end":{"line":7,"column":54}},"4":{"start":{"line":9,"column":4},"end":{"line":9,"column":19}},"5":{"start":{"line":12,"column":4},"end":{"line":14,"column":5}},"6":{"start":{"line":13,"column":8},"end":{"line":13,"column":20}},"7":{"start":{"line":15,"column":4},"end":{"line":15,"column":15}},"8":{"start":{"line":18,"column":4},"end":{"line":18,"column":38}},"9":{"start":{"line":19,"column":4},"end":{"line":23,"column":5}},"10":{"start":{"line":20,"column":8},"end":{"line":22,"column":9}},"11":{"start":{"line":21,"column":13},"end":{"line":21,"column":25}},"12":{"start":{"line":24,"column":4},"end":{"line":24,"column":15}},"13":{"start":{"line":28,"column":4},"end":{"line":28,"column":55}},"14":{"start":{"line":30,"column":4},"end":{"line":32,"column":5}},"15":{"start":{"line":31,"column":8},"end":{"line":31,"column":20}},"16":{"start":{"line":34,"column":4},"end":{"line":34,"column":18}},"17":{"start":{"line":38,"column":0},"end":{"line":44,"column":1}}},"fnMap":{"0":{"name":"translateNumberToLetter","decl":{"start":{"line":1,"column":9},"end":{"line":1,"column":32}},"loc":{"start":{"line":1,"column":41},"end":{"line":3,"column":1}},"line":1},"1":{"name":"translateListOfNumbersToLetters","decl":{"start":{"line":4,"column":9},"end":{"line":4,"column":40}},"loc":{"start":{"line":4,"column":50},"end":{"line":10,"column":1}},"line":4},"2":{"name":"isLetterInList","decl":{"start":{"line":11,"column":9},"end":{"line":11,"column":23}},"loc":{"start":{"line":11,"column":47},"end":{"line":16,"column":1}},"line":11},"3":{"name":"isBingoInList","decl":{"start":{"line":17,"column":9},"end":{"line":17,"column":22}},"loc":{"start":{"line":17,"column":32},"end":{"line":25,"column":1}},"line":17},"4":{"name":"bingoResult","decl":{"start":{"line":27,"column":9},"end":{"line":27,"column":20}},"loc":{"start":{"line":27,"column":30},"end":{"line":35,"column":1}},"line":27}},"branchMap":{"0":{"loc":{"start":{"line":12,"column":4},"end":{"line":14,"column":5}},"type":"if","locations":[{"start":{"line":12,"column":4},"end":{"line":14,"column":5}},{"start":{},"end":{}}],"line":12},"1":{"loc":{"start":{"line":20,"column":8},"end":{"line":22,"column":9}},"type":"if","locations":[{"start":{"line":20,"column":8},"end":{"line":22,"column":9}},{"start":{},"end":{}}],"line":20},"2":{"loc":{"start":{"line":30,"column":4},"end":{"line":32,"column":5}},"type":"if","locations":[{"start":{"line":30,"column":4},"end":{"line":32,"column":5}},{"start":{},"end":{}}],"line":30}},"s":{"0":36,"1":5,"2":5,"3":33,"4":5,"5":25,"6":6,"7":19,"8":7,"9":7,"10":22,"11":4,"12":3,"13":2,"14":2,"15":1,"16":1,"17":1},"f":{"0":36,"1":5,"2":25,"3":7,"4":2},"b":{"0":[6,19],"1":[4,18],"2":[1,1]},"_coverageSchema":"1a1c01bbd47fc00a2c39e90264f33305004495a9","hash":"de9b61306a13da33512ffd84a928b0ff68209cc3"}
}
