TN:
SF:src\template.js
FN:1,checkIfNumberIsOnCard
FN:14,isMyNumberInThisBingoRow
FN:18,validateBingoHeader
FN:27,extractNumberFromString
FN:31,extractLetterFromString
FN:35,checkWhatRangeBelongsToLetter
FN:47,getTheRangeOfB
FN:55,getTheRangeOfI
FN:63,getTheRangeOfN
FN:71,getTheRangeOfG
FN:79,getTheRangeOfO
FN:87,checkIfNumberIsInRangeOfLetter
FN:97,validateAmountOfRowsInBingoCard
FN:102,validateAmountOfCharactersInBingoRow
FNF:14
FNH:14
FNDA:7,checkIfNumberIsOnCard
FNDA:45,isMyNumberInThisBingoRow
FNDA:3,validateBingoHeader
FNDA:12,extractNumberFromString
FNDA:5,extractLetterFromString
FNDA:9,checkWhatRangeBelongsToLetter
FNDA:9,getTheRangeOfB
FNDA:9,getTheRangeOfI
FNDA:9,getTheRangeOfN
FNDA:9,getTheRangeOfG
FNDA:9,getTheRangeOfO
FNDA:3,checkIfNumberIsInRangeOfLetter
FNDA:2,validateAmountOfRowsInBingoCard
FNDA:2,validateAmountOfCharactersInBingoRow
DA:2,7
DA:3,7
DA:4,7
DA:5,42
DA:6,42
DA:7,5
DA:10,7
DA:15,45
DA:19,3
DA:20,3
DA:21,3
DA:23,3
DA:28,12
DA:32,5
DA:36,9
DA:38,9
DA:39,9
DA:40,9
DA:41,9
DA:42,9
DA:44,9
DA:48,9
DA:49,1
DA:50,1
DA:51,1
DA:52,8
DA:56,9
DA:57,2
DA:58,2
DA:59,2
DA:60,7
DA:64,9
DA:65,2
DA:66,2
DA:67,2
DA:68,7
DA:72,9
DA:73,2
DA:74,2
DA:75,2
DA:76,7
DA:80,9
DA:81,1
DA:82,1
DA:83,1
DA:84,8
DA:88,3
DA:89,3
DA:90,3
DA:91,3
DA:92,3
DA:94,3
DA:98,2
DA:103,2
DA:111,1
LF:55
LH:55
BRDA:6,0,0,5
BRDA:6,0,1,37
BRDA:48,1,0,1
BRDA:48,1,1,8
BRDA:56,2,0,2
BRDA:56,2,1,7
BRDA:64,3,0,2
BRDA:64,3,1,7
BRDA:72,4,0,2
BRDA:72,4,1,7
BRDA:80,5,0,1
BRDA:80,5,1,8
BRDA:94,6,0,3
BRDA:94,6,1,3
BRF:14
BRH:14
end_of_record
