TN:
SF:src\template.js
FN:1,translateNumberToLetter
FN:4,translateListOfNumbersToLetters
FN:11,isLetterInList
FN:17,isBingoInList
FN:27,bingoResult
FNF:5
FNH:5
FNDA:36,translateNumberToLetter
FNDA:5,translateListOfNumbersToLetters
FNDA:25,isLetterInList
FNDA:7,isBingoInList
FNDA:2,bingoResult
DA:2,36
DA:5,5
DA:6,5
DA:7,33
DA:9,5
DA:12,25
DA:13,6
DA:15,19
DA:18,7
DA:19,7
DA:20,22
DA:21,4
DA:24,3
DA:28,2
DA:30,2
DA:31,1
DA:34,1
DA:38,1
LF:18
LH:18
BRDA:12,0,0,6
BRDA:12,0,1,19
BRDA:20,1,0,4
BRDA:20,1,1,18
BRDA:30,2,0,1
BRDA:30,2,1,1
BRF:6
BRH:6
end_of_record
